<?xml version="1.0" encoding="UTF-8"?>
<!-- Generated by org.testng.reporters.JUnitXMLReporter -->
<testsuite ignored="3" hostname="LAPTOP-U5FI03R8" failures="1" tests="2" name="register Tests" time="5.821" errors="0" timestamp="2024-01-16T16:40:10 EET">
  <testcase classname="myAccountPageTest" name="@BeforeMethod setup" time="0.001">
    <failure type="java.lang.NullPointerException" message="Cannot invoke &amp;quot;org.openqa.selenium.WebDriver.get(String)&amp;quot; because &amp;quot;this.driver&amp;quot; is null">
      <![CDATA[java.lang.NullPointerException: Cannot invoke "org.openqa.selenium.WebDriver.get(String)" because "this.driver" is null
at myAccountPageTest.setup(myAccountPageTest.java:15)
at java.base/java.util.ArrayList.forEach(ArrayList.java:1511)
... Removed 31 stack frames]]>
    </failure>
  </testcase> <!-- @BeforeMethod setup -->
  <testcase classname="LoginPageTests" name="validLoginsScenario" time="2.925">
    <failure type="java.lang.AssertionError" message="expected [https://demo.nopcommerce.com/] but found [https://demo.nopcommerce.com/login?returnurl=%2F]">
      <![CDATA[java.lang.AssertionError: expected [https://demo.nopcommerce.com/] but found [https://demo.nopcommerce.com/login?returnurl=%2F]
at LoginPageTests.validLoginsScenario(LoginPageTests.java:59)
at java.base/java.util.ArrayList.forEach(ArrayList.java:1511)
... Removed 33 stack frames]]>
    </failure>
  </testcase> <!-- validLoginsScenario -->
  <testcase classname="myAccountPageTest" name="changePasstest" time="0.0">
    <skipped/>
  </testcase> <!-- changePasstest -->
  <testcase classname="LoginPageTests" name="invalidLoginsScenario_3" time="0.0">
    <ignored/>
  </testcase> <!-- invalidLoginsScenario_3 -->
  <testcase classname="TestBase" name="@AfterTest close" time="0.0">
    <ignored/>
  </testcase> <!-- @AfterTest close -->
  <testcase classname="LoginPageTests" name="invalidLoginsScenario_4" time="0.0">
    <ignored/>
  </testcase> <!-- invalidLoginsScenario_4 -->
</testsuite> <!-- register Tests -->
