<?xml version="1.0" encoding="UTF-8"?>
<testng-results ignored="0" total="1" passed="1" failed="0" skipped="0">
  <reporter-output>
  </reporter-output>
  <suite started-at="2024-01-18T16:19:21 EET" name="Default suite" finished-at="2024-01-18T16:19:29 EET" duration-ms="7445">
    <groups>
    </groups>
    <test started-at="2024-01-18T16:19:21 EET" name="Default test" finished-at="2024-01-18T16:19:29 EET" duration-ms="7445">
      <class name="MyAccountPageTest">
        <test-method is-config="true" signature="setup()[pri:0, instance:MyAccountPageTest@45099dd3]" started-at="2024-01-18T16:19:21 EET" name="setup" finished-at="2024-01-18T16:19:24 EET" duration-ms="2746" status="PASS">
          <reporter-output>
          </reporter-output>
        </test-method> <!-- setup -->
        <test-method is-config="true" signature="validLoginsScenario()[pri:0, instance:MyAccountPageTest@45099dd3]" started-at="2024-01-18T16:19:24 EET" name="validLoginsScenario" finished-at="2024-01-18T16:19:25 EET" duration-ms="1258" status="PASS">
          <reporter-output>
          </reporter-output>
        </test-method> <!-- validLoginsScenario -->
        <test-method signature="changePasstest()[pri:0, instance:MyAccountPageTest@45099dd3]" started-at="2024-01-18T16:19:25 EET" name="changePasstest" finished-at="2024-01-18T16:19:29 EET" duration-ms="3222" status="PASS">
          <reporter-output>
          </reporter-output>
        </test-method> <!-- changePasstest -->
        <test-method is-config="true" signature="close()[pri:0, instance:MyAccountPageTest@45099dd3]" started-at="2024-01-18T16:19:29 EET" name="close" finished-at="2024-01-18T16:19:29 EET" duration-ms="176" status="PASS">
          <reporter-output>
          </reporter-output>
        </test-method> <!-- close -->
      </class> <!-- MyAccountPageTest -->
    </test> <!-- Default test -->
  </suite> <!-- Default suite -->
</testng-results>
